<?xml version="1.0" encoding="UTF-8" ?>
<testsuite tests="10" failures="1" name="com.mycompany.stringcalculator.CalculatorTest" time="0.017" errors="0" skipped="0">
  <properties>
[...]
</properties>
  <testcase classname="com.mycompany.stringcalculator.CalculatorTest" name="com.mycompany.stringcalculator.CalculatorTest.testArbitraryLengthDelimiterString" time="0.008"/>
  <testcase classname="com.mycompany.stringcalculator.CalculatorTest" name="com.mycompany.stringcalculator.CalculatorTest.testNegativeNumber" time="0.009">
    <failure message="expected: &lt;This is expected because: &gt; but was: &lt;Negative numbers are not allowed. You entered [-5, -4]&gt;" type="org.opentest4j.AssertionFailedError">org.opentest4j.AssertionFailedError: expected: &lt;This is expected because: &gt; but was: &lt;Negative numbers are not allowed. You entered [-5, -4]&gt;
	at org.junit.jupiter.api.AssertionUtils.fail(AssertionUtils.java:54)
	at org.junit.jupiter.api.AssertEquals.failNotEqual(AssertEquals.java:195)
	at org.junit.jupiter.api.AssertEquals.assertEquals(AssertEquals.java:184)
	at org.junit.jupiter.api.AssertEquals.assertEquals(AssertEquals.java:179)
	at org.junit.jupiter.api.Assertions.assertEquals(Assertions.java:508)
	at com.mycompany.stringcalculator.CalculatorTest.testNegativeNumber(CalculatorTest.java:84)
</failure>
  </testcase>
  <testcase classname="com.mycompany.stringcalculator.CalculatorTest" name="com.mycompany.stringcalculator.CalculatorTest.testEmptyString" time="0"/>
  <testcase classname="com.mycompany.stringcalculator.CalculatorTest" name="com.mycompany.stringcalculator.CalculatorTest.testNonEmptyString" time="0"/>
  <testcase classname="com.mycompany.stringcalculator.CalculatorTest" name="com.mycompany.stringcalculator.CalculatorTest.testAnotherDelimiterString" time="0"/>
  <testcase classname="com.mycompany.stringcalculator.CalculatorTest" name="com.mycompany.stringcalculator.CalculatorTest.testNewLineString" time="0"/>
  <testcase classname="com.mycompany.stringcalculator.CalculatorTest" name="com.mycompany.stringcalculator.CalculatorTest.testGreaterNumberString" time="0"/>
  <testcase classname="com.mycompany.stringcalculator.CalculatorTest" name="com.mycompany.stringcalculator.CalculatorTest.testMultipleDelimiterString" time="0"/>
  <testcase classname="com.mycompany.stringcalculator.CalculatorTest" name="com.mycompany.stringcalculator.CalculatorTest.testDelimiterString" time="0"/>
  <testcase classname="com.mycompany.stringcalculator.CalculatorTest" name="com.mycompany.stringcalculator.CalculatorTest.testAnotherNewLineString" time="0"/>
</testsuite>